app/build/intermediates/manifest_merge_blame_file/debug/manifest-merger-blame-debug-report.txt
1<?xml version="1.0" encoding="utf-8"?>
2<manifest xmlns:android="http://schemas.android.com/apk/res/android"
3    package="com.easyplex"
4    android:installLocation="auto"
5    android:versionCode="20"
6    android:versionName="2.0" >
7
8    <uses-sdk
9        android:minSdkVersion="23"
9-->src\main\AndroidManifest.xml
10        android:targetSdkVersion="33" />
10-->src\main\AndroidManifest.xml
11
12    <uses-permission android:name="android.permission.INTERNET" />
12-->src\main\AndroidManifest.xml:6:5-67
12-->src\main\AndroidManifest.xml:6:22-64
13    <uses-permission android:name="android.permission.READ_EXTERNAL_STORAGE" />
13-->src\main\AndroidManifest.xml:7:5-80
13-->src\main\AndroidManifest.xml:7:22-77
14    <uses-permission android:name="android.permission.WAKE_LOCK" />
14-->src\main\AndroidManifest.xml:8:5-68
14-->src\main\AndroidManifest.xml:8:22-65
15    <uses-permission android:name="android.permission.FOREGROUND_SERVICE" />
15-->src\main\AndroidManifest.xml:9:5-77
15-->src\main\AndroidManifest.xml:9:22-74
16    <uses-permission android:name="android.permission.QUICKBOOT_POWERON" />
16-->src\main\AndroidManifest.xml:10:5-76
16-->src\main\AndroidManifest.xml:10:22-73
17    <uses-permission android:name="android.permission.RECEIVE_BOOT_COMPLETED" />
17-->src\main\AndroidManifest.xml:11:5-81
17-->src\main\AndroidManifest.xml:11:22-78
18    <uses-permission android:name="android.permission.VIBRATE" />
18-->src\main\AndroidManifest.xml:12:5-66
18-->src\main\AndroidManifest.xml:12:22-63
19    <uses-permission android:name="com.android.launcher.permission.INSTALL_SHORTCUT" />
19-->src\main\AndroidManifest.xml:13:5-88
19-->src\main\AndroidManifest.xml:13:22-85
20    <uses-permission android:name="android.permission.ACCESS_WIFI_STATE" />
20-->src\main\AndroidManifest.xml:14:5-76
20-->src\main\AndroidManifest.xml:14:22-73
21    <uses-permission android:name="android.permission.MANAGE_EXTERNAL_STORAGE" />
21-->src\main\AndroidManifest.xml:15:5-82
21-->src\main\AndroidManifest.xml:15:22-79
22    <uses-permission android:name="android.permission.POST_NOTIFICATIONS" />
22-->src\main\AndroidManifest.xml:16:5-76
22-->src\main\AndroidManifest.xml:16:22-74
23    <uses-permission android:name="android.permission.REQUEST_INSTALL_PACKAGES" />
23-->src\main\AndroidManifest.xml:17:5-83
23-->src\main\AndroidManifest.xml:17:22-80
24    <uses-permission android:name="android.permission.WRITE_EXTERNAL_STORAGE" />
24-->src\main\AndroidManifest.xml:18:5-81
24-->src\main\AndroidManifest.xml:18:22-78
25    <uses-permission android:name="android.permission.ACCESS_NETWORK_STATE" />
25-->src\main\AndroidManifest.xml:19:5-79
25-->src\main\AndroidManifest.xml:19:22-76
26    <uses-permission android:name="android.permifControllerActivityssion.RECEIVE_BOOT_COMPLETED" />
26-->src\main\AndroidManifest.xml:20:5-100
26-->src\main\AndroidManifest.xml:20:22-97
27    <uses-permission android:name="android.permission.EXPAND_STATUS_BAR" />
27-->src\main\AndroidManifest.xml:21:5-76
27-->src\main\AndroidManifest.xml:21:22-73
28    <uses-permission android:name="android.permission.READ_PHONE_STATE" />
28-->src\main\AndroidManifest.xml:22:5-75
28-->src\main\AndroidManifest.xml:22:22-72
29    <uses-permission android:name="android.permission.MODIFY_AUDIO_SETTINGS" />
29-->src\main\AndroidManifest.xml:23:5-80
29-->src\main\AndroidManifest.xml:23:22-77
30    <uses-permission android:name="android.permission.READ_MEDIA_IMAGES" />
30-->src\main\AndroidManifest.xml:24:5-76
30-->src\main\AndroidManifest.xml:24:22-73
31    <uses-permission android:name="android.permission.READ_MEDIA_VIDEO" />
31-->src\main\AndroidManifest.xml:25:5-75
31-->src\main\AndroidManifest.xml:25:22-72
32    <uses-permission android:name="android.permission.READ_MEDIA_AUDIO" />
32-->src\main\AndroidManifest.xml:26:5-75
32-->src\main\AndroidManifest.xml:26:22-72
33    <uses-permission android:name="android.permission.PACKAGE_USAGE_STATS" />
33-->src\main\AndroidManifest.xml:28:5-30:47
33-->src\main\AndroidManifest.xml:29:9-62
34    <uses-permission android:name="android.permission.WRITE_EXTERNAL_STORAGE" />
34-->src\main\AndroidManifest.xml:18:5-81
34-->src\main\AndroidManifest.xml:18:22-78
35
36    <!--
37        Queries are required for API 30 and above when working with package manager. This is required
38        within this library since we use the package manager to determine which web browser to launch
39         to handle PayPal auth.
40    -->
41    <queries>
41-->[com.paypal.android:PayPalPartnerAuth:1.7.5] AndroidManifest.xml:17:5-25:15
42        <intent>
42-->[com.paypal.android:PayPalPartnerAuth:1.7.5] AndroidManifest.xml:18:9-24:18
43            <action android:name="android.intent.action.VIEW" />
43-->src\main\AndroidManifest.xml:115:17-69
43-->src\main\AndroidManifest.xml:115:25-66
44
45            <category android:name="android.intent.category.BROWSABLE" />
45-->src\main\AndroidManifest.xml:118:17-78
45-->src\main\AndroidManifest.xml:118:27-75
46
47            <data android:scheme="https" />
47-->src\main\AndroidManifest.xml:120:23-72
48        </intent>
49
50        <package android:name="com.google.android.gms.policy_cast_dynamite" /> <!-- Added to check if Chrome is installed for browser-based payment authentication (e.g. 3DS1). -->
50-->[com.google.android.gms:play-services-cast-framework:21.3.0] AndroidManifest.xml:15:9-79
50-->[com.google.android.gms:play-services-cast-framework:21.3.0] AndroidManifest.xml:15:18-76
51        <package android:name="com.android.chrome" /> <!-- Query Camera Packages -->
51-->[com.stripe:payments-core:20.8.0] AndroidManifest.xml:13:9-54
51-->[com.stripe:payments-core:20.8.0] AndroidManifest.xml:13:18-51
52        <intent>
52-->[com.github.dhaval2404:imagepicker:2.1] AndroidManifest.xml:12:9-14:18
53            <action android:name="android.media.action.IMAGE_CAPTURE" />
53-->[com.github.dhaval2404:imagepicker:2.1] AndroidManifest.xml:13:13-73
53-->[com.github.dhaval2404:imagepicker:2.1] AndroidManifest.xml:13:21-70
54        </intent> <!-- Query Open Document -->
55        <intent>
55-->[com.github.dhaval2404:imagepicker:2.1] AndroidManifest.xml:16:9-18:18
56            <action android:name="android.intent.action.OPEN_DOCUMENT_TREE" />
56-->[com.github.dhaval2404:imagepicker:2.1] AndroidManifest.xml:17:13-79
56-->[com.github.dhaval2404:imagepicker:2.1] AndroidManifest.xml:17:21-76
57        </intent>
58
59        <package android:name="com.appnext.core" />
59-->[com.appnext.sdk:core:2.7.0.473] AndroidManifest.xml:13:9-52
59-->[com.appnext.sdk:core:2.7.0.473] AndroidManifest.xml:13:18-49
60
61        <intent>
61-->[com.appnext.sdk:core:2.7.0.473] AndroidManifest.xml:15:9-17:18
62            <action android:name="android.intent.action.MAIN" />
62-->src\main\AndroidManifest.xml:161:17-69
62-->src\main\AndroidManifest.xml:161:25-66
63        </intent>
64
65        <package android:name="com.facebook.katana" />
65-->[com.facebook.android:facebook-common:15.2.0] AndroidManifest.xml:18:9-55
65-->[com.facebook.android:facebook-common:15.2.0] AndroidManifest.xml:18:18-52
66
67        <intent>
67-->[com.applovin:applovin-sdk:11.9.0] AndroidManifest.xml:12:9-14:18
68            <action android:name="com.applovin.am.intent.action.APPHUB_SERVICE" />
68-->[com.applovin:applovin-sdk:11.9.0] AndroidManifest.xml:13:13-83
68-->[com.applovin:applovin-sdk:11.9.0] AndroidManifest.xml:13:21-80
69        </intent>
70        <intent>
70-->[com.appodeal.ads.sdk:core:3.0.2] AndroidManifest.xml:21:9-27:18
71            <action android:name="android.intent.action.VIEW" />
71-->src\main\AndroidManifest.xml:115:17-69
71-->src\main\AndroidManifest.xml:115:25-66
72
73            <category android:name="android.intent.category.BROWSABLE" />
73-->src\main\AndroidManifest.xml:118:17-78
73-->src\main\AndroidManifest.xml:118:27-75
74
75            <data android:scheme="http" />
75-->src\main\AndroidManifest.xml:120:23-72
76        </intent> <!-- End of browser content -->
77        <!-- For CustomTabsService -->
78        <intent>
78-->[com.google.android.gms:play-services-ads-lite:22.1.0] AndroidManifest.xml:44:9-46:18
79            <action android:name="android.support.customtabs.action.CustomTabsService" />
79-->[com.google.android.gms:play-services-ads-lite:22.1.0] AndroidManifest.xml:45:13-90
79-->[com.google.android.gms:play-services-ads-lite:22.1.0] AndroidManifest.xml:45:21-87
80        </intent>
81
82        <package android:name="com.android.vending" />
82-->[com.adcolony:sdk:4.8.0] AndroidManifest.xml:16:9-55
82-->[com.adcolony:sdk:4.8.0] AndroidManifest.xml:16:18-52
83        <package android:name="com.amazon.venezia" />
83-->[com.adcolony:sdk:4.8.0] AndroidManifest.xml:17:9-54
83-->[com.adcolony:sdk:4.8.0] AndroidManifest.xml:17:18-51
84        <package android:name="com.sec.android.app.samsungapps" />
84-->[com.adcolony:sdk:4.8.0] AndroidManifest.xml:18:9-67
84-->[com.adcolony:sdk:4.8.0] AndroidManifest.xml:18:18-64
85        <package android:name="com.huawei.appmarket" /> <!-- Needs to be explicitly declared on Android R+ -->
85-->[com.adcolony:sdk:4.8.0] AndroidManifest.xml:19:9-56
85-->[com.adcolony:sdk:4.8.0] AndroidManifest.xml:19:18-53
86        <package android:name="com.google.android.apps.maps" />
86-->[com.google.android.gms:play-services-maps:18.0.2] AndroidManifest.xml:33:9-64
86-->[com.google.android.gms:play-services-maps:18.0.2] AndroidManifest.xml:33:18-61
87
88        <intent>
88-->[ch.acra:acra-mail:5.9.0-rc2] AndroidManifest.xml:25:9-29:18
89            <action android:name="android.intent.action.SEND" />
89-->[ch.acra:acra-mail:5.9.0-rc2] AndroidManifest.xml:26:13-65
89-->[ch.acra:acra-mail:5.9.0-rc2] AndroidManifest.xml:26:21-62
90
91            <data android:mimeType="message/rfc822" />
92        </intent>
93        <intent>
93-->[ch.acra:acra-mail:5.9.0-rc2] AndroidManifest.xml:30:9-34:18
94            <action android:name="android.intent.action.SEND_MULTIPLE" />
94-->[ch.acra:acra-mail:5.9.0-rc2] AndroidManifest.xml:31:13-74
94-->[ch.acra:acra-mail:5.9.0-rc2] AndroidManifest.xml:31:21-71
95
96            <data android:mimeType="message/rfc822" />
97        </intent>
98        <intent>
98-->[ch.acra:acra-mail:5.9.0-rc2] AndroidManifest.xml:35:9-37:18
99            <action android:name="android.intent.action.SENDTO" />
99-->[ch.acra:acra-mail:5.9.0-rc2] AndroidManifest.xml:36:13-67
99-->[ch.acra:acra-mail:5.9.0-rc2] AndroidManifest.xml:36:21-64
100        </intent>
101
102        <package android:name="com.google.android.webview" />
102-->[io.bidmachine:ads:2.1.5] AndroidManifest.xml:17:9-62
102-->[io.bidmachine:ads:2.1.5] AndroidManifest.xml:17:18-59
103        <package android:name="com.android.webview" />
103-->[io.bidmachine:ads:2.1.5] AndroidManifest.xml:18:9-55
103-->[io.bidmachine:ads:2.1.5] AndroidManifest.xml:18:18-52
104    </queries>
105
106    <uses-permission android:name="com.google.android.gms.permission.AD_ID" />
106-->[com.unity3d.ads:unity-ads:4.7.1] AndroidManifest.xml:10:5-79
106-->[com.unity3d.ads:unity-ads:4.7.1] AndroidManifest.xml:10:22-76
107    <uses-permission android:name="com.android.vending.CHECK_LICENSE" />
107-->[com.github.javiersantos:PiracyChecker:1.2.7] AndroidManifest.xml:11:5-73
107-->[com.github.javiersantos:PiracyChecker:1.2.7] AndroidManifest.xml:11:22-70
108    <uses-permission android:name="android.permission.USE_BIOMETRIC" /> <!-- suppress DeprecatedClassUsageInspection -->
108-->[androidx.biometric:biometric:1.2.0-alpha03] AndroidManifest.xml:24:5-72
108-->[androidx.biometric:biometric:1.2.0-alpha03] AndroidManifest.xml:24:22-69
109    <uses-permission android:name="android.permission.USE_FINGERPRINT" />
109-->[androidx.biometric:biometric:1.2.0-alpha03] AndroidManifest.xml:27:5-74
109-->[androidx.biometric:biometric:1.2.0-alpha03] AndroidManifest.xml:27:22-71
110    <uses-permission android:name="com.applovin.array.apphub.permission.BIND_APPHUB_SERVICE" />
110-->[com.applovin:applovin-sdk:11.9.0] AndroidManifest.xml:20:5-96
110-->[com.applovin:applovin-sdk:11.9.0] AndroidManifest.xml:20:22-93
111    <uses-permission android:name="android.permission.ACCESS_FINE_LOCATION" />
111-->[io.bidmachine:ads.networks.amazon:2.1.5.7] AndroidManifest.xml:14:5-79
111-->[io.bidmachine:ads.networks.amazon:2.1.5.7] AndroidManifest.xml:14:22-76
112    <uses-permission android:name="android.permission.ACCESS_COARSE_LOCATION" />
112-->[io.bidmachine:ads.networks.amazon:2.1.5.7] AndroidManifest.xml:15:5-81
112-->[io.bidmachine:ads.networks.amazon:2.1.5.7] AndroidManifest.xml:15:22-78
113
114    <uses-feature
114-->[com.my.tracker:mytracker-sdk:3.0.12] AndroidManifest.xml:13:5-15:36
115        android:name="android.hardware.sensor.light"
115-->[com.my.tracker:mytracker-sdk:3.0.12] AndroidManifest.xml:14:9-53
116        android:required="false" />
116-->[com.my.tracker:mytracker-sdk:3.0.12] AndroidManifest.xml:15:9-33
117    <uses-feature
117-->[com.my.tracker:mytracker-sdk:3.0.12] AndroidManifest.xml:16:5-18:36
118        android:name="android.hardware.sensor.compass"
118-->[com.my.tracker:mytracker-sdk:3.0.12] AndroidManifest.xml:17:9-55
119        android:required="false" />
119-->[com.my.tracker:mytracker-sdk:3.0.12] AndroidManifest.xml:18:9-33
120    <uses-feature
120-->[com.my.tracker:mytracker-sdk:3.0.12] AndroidManifest.xml:19:5-21:36
121        android:name="android.hardware.sensor.gyroscope"
121-->[com.my.tracker:mytracker-sdk:3.0.12] AndroidManifest.xml:20:9-57
122        android:required="false" />
122-->[com.my.tracker:mytracker-sdk:3.0.12] AndroidManifest.xml:21:9-33
123    <uses-feature
123-->[com.my.tracker:mytracker-sdk:3.0.12] AndroidManifest.xml:22:5-24:36
124        android:name="android.hardware.sensor.barometer"
124-->[com.my.tracker:mytracker-sdk:3.0.12] AndroidManifest.xml:23:9-57
125        android:required="false" />
125-->[com.my.tracker:mytracker-sdk:3.0.12] AndroidManifest.xml:24:9-33
126    <uses-feature
126-->[com.my.tracker:mytracker-sdk:3.0.12] AndroidManifest.xml:25:5-27:36
127        android:name="android.hardware.sensor.proximity"
127-->[com.my.tracker:mytracker-sdk:3.0.12] AndroidManifest.xml:26:9-57
128        android:required="false" />
128-->[com.my.tracker:mytracker-sdk:3.0.12] AndroidManifest.xml:27:9-33
129
130    <uses-permission android:name="com.google.android.finsky.permission.BIND_GET_INSTALL_REFERRER_SERVICE" /> <!-- Required by older versions of Google Play services to create IID tokens -->
130-->[com.google.android.gms:play-services-measurement:21.2.0] AndroidManifest.xml:26:5-110
130-->[com.google.android.gms:play-services-measurement:21.2.0] AndroidManifest.xml:26:22-107
131    <uses-permission android:name="com.google.android.c2dm.permission.RECEIVE" />
131-->[com.google.firebase:firebase-messaging:23.1.2] AndroidManifest.xml:28:5-82
131-->[com.google.firebase:firebase-messaging:23.1.2] AndroidManifest.xml:28:22-79
132
133    <uses-feature
133-->[com.google.android.gms:play-services-maps:18.0.2] AndroidManifest.xml:26:5-28:35
134        android:glEsVersion="0x00020000"
134-->[com.google.android.gms:play-services-maps:18.0.2] AndroidManifest.xml:27:9-41
135        android:required="true" />
135-->[com.google.android.gms:play-services-maps:18.0.2] AndroidManifest.xml:28:9-32
136
137    <permission
137-->[androidx.core:core:1.10.0] AndroidManifest.xml:22:5-24:47
138        android:name="com.easyplex.DYNAMIC_RECEIVER_NOT_EXPORTED_PERMISSION"
138-->[androidx.core:core:1.10.0] AndroidManifest.xml:23:9-81
139        android:protectionLevel="signature" />
139-->[androidx.core:core:1.10.0] AndroidManifest.xml:24:9-44
140
141    <uses-permission android:name="com.easyplex.DYNAMIC_RECEIVER_NOT_EXPORTED_PERMISSION" />
141-->[androidx.core:core:1.10.0] AndroidManifest.xml:26:5-97
141-->[androidx.core:core:1.10.0] AndroidManifest.xml:26:22-94
142
143    <application
143-->src\main\AndroidManifest.xml:34:5-516:19
144        android:name="com.easyplex.EasyPlexApp"
144-->src\main\AndroidManifest.xml:35:9-48
145        android:allowBackup="true"
145-->[tubi-loading-view-0.0.5.aar] AndroidManifest.xml:12:9-35
146        android:appComponentFactory="androidx.core.app.CoreComponentFactory"
146-->[androidx.core:core:1.10.0] AndroidManifest.xml:28:18-86
147        android:dataExtractionRules="@xml/data_extraction_rules"
147-->src\main\AndroidManifest.xml:48:9-65
148        android:debuggable="true"
149        android:extractNativeLibs="false"
150        android:fullBackupContent="true"
150-->src\main\AndroidManifest.xml:36:9-41
151        android:fullBackupOnly="true"
151-->src\main\AndroidManifest.xml:37:9-38
152        android:hardwareAccelerated="true"
152-->src\main\AndroidManifest.xml:38:9-43
153        android:icon="@drawable/mainlogo"
153-->src\main\AndroidManifest.xml:39:9-42
154        android:label="@string/app_name"
154-->src\main\AndroidManifest.xml:40:9-41
155        android:requestLegacyExternalStorage="true"
155-->src\main\AndroidManifest.xml:41:9-52
156        android:supportsRtl="true"
156-->src\main\AndroidManifest.xml:42:9-35
157        android:testOnly="true"
158        android:theme="@style/AppTheme"
158-->src\main\AndroidManifest.xml:43:9-40
159        android:usesCleartextTraffic="true" >
159-->src\main\AndroidManifest.xml:44:9-44
160        <activity
160-->src\main\AndroidManifest.xml:52:9-55:50
161            android:name="com.ironsource.sdk.controller.ControllerActivity"
161-->src\main\AndroidManifest.xml:53:13-76
162            android:configChanges="orientation|screenSize"
162-->src\main\AndroidManifest.xml:54:13-59
163            android:exported="false"
163-->[com.google.ads.mediation:ironsource:7.3.0.0] AndroidManifest.xml:13:13-37
164            android:hardwareAccelerated="true" />
164-->src\main\AndroidManifest.xml:55:13-47
165        <activity
165-->src\main\AndroidManifest.xml:56:9-61:64
166            android:name="com.ironsource.sdk.controller.InterstitialActivity"
166-->src\main\AndroidManifest.xml:57:13-78
167            android:configChanges="orientation|screenSize"
167-->src\main\AndroidManifest.xml:58:13-59
168            android:exported="false"
168-->[com.google.ads.mediation:ironsource:7.3.0.0] AndroidManifest.xml:18:13-37
169            android:hardwareAccelerated="true"
169-->src\main\AndroidManifest.xml:59:13-47
170            android:screenOrientation="behind"
170-->src\main\AndroidManifest.xml:60:13-47
171            android:theme="@android:style/Theme.Translucent" />
171-->src\main\AndroidManifest.xml:61:13-61
172        <activity
172-->src\main\AndroidManifest.xml:62:9-66:64
173            android:name="com.ironsource.sdk.controller.OpenUrlActivity"
173-->src\main\AndroidManifest.xml:63:13-73
174            android:configChanges="orientation|screenSize"
174-->src\main\AndroidManifest.xml:64:13-59
175            android:exported="false"
175-->[com.google.ads.mediation:ironsource:7.3.0.0] AndroidManifest.xml:24:13-37
176            android:hardwareAccelerated="true"
176-->src\main\AndroidManifest.xml:65:13-47
177            android:theme="@android:style/Theme.Translucent" />
177-->src\main\AndroidManifest.xml:66:13-61
178
179        <provider
180            android:name="com.ironsource.lifecycle.IronsourceLifecycleProvider"
180-->src\main\AndroidManifest.xml:69:13-80
181            android:authorities="com.easyplex.IronsourceLifecycleProvider" />
181-->src\main\AndroidManifest.xml:68:13-79
182        <provider
183            android:name="androidx.core.content.FileProvider"
183-->src\main\AndroidManifest.xml:72:13-62
184            android:authorities="com.easyplex.provider"
184-->src\main\AndroidManifest.xml:73:13-60
185            android:exported="false"
185-->src\main\AndroidManifest.xml:74:13-37
186            android:grantUriPermissions="true" >
186-->src\main\AndroidManifest.xml:75:13-47
187            <meta-data
187-->src\main\AndroidManifest.xml:76:13-78:57
188                android:name="android.support.FILE_PROVIDER_PATHS"
188-->src\main\AndroidManifest.xml:77:17-67
189                android:resource="@xml/provider_paths" />
189-->src\main\AndroidManifest.xml:78:17-55
190        </provider>
191        <provider
192            android:name="org.acra.attachment.AcraContentProvider"
192-->src\main\AndroidManifest.xml:85:13-67
193            android:authorities="com.easyplex.acra"
193-->src\main\AndroidManifest.xml:84:13-56
194            android:exported="false"
194-->src\main\AndroidManifest.xml:86:13-37
195            android:grantUriPermissions="true"
195-->src\main\AndroidManifest.xml:88:13-47
196            android:process=":acra" />
196-->src\main\AndroidManifest.xml:87:13-36
197
198        <meta-data
198-->src\main\AndroidManifest.xml:91:9-93:118
199            android:name="applovin.sdk.key"
199-->src\main\AndroidManifest.xml:92:13-44
200            android:value="_RNS2529hI_m_lS8-zOLSQGu3oTcSy9sS-0-yJxcCk2uhEf5QWsQDs1CzZlSaxb6_HUfdQZsKUaruHf3uK_zHu" />
200-->src\main\AndroidManifest.xml:93:13-115
201        <meta-data
201-->src\main\AndroidManifest.xml:95:9-97:37
202            android:name="applovin.sdk.verbose_logging"
202-->src\main\AndroidManifest.xml:96:13-56
203            android:value="false" />
203-->src\main\AndroidManifest.xml:97:13-34
204        <meta-data
204-->src\main\AndroidManifest.xml:100:9-102:55
205            android:name="com.facebook.sdk.ApplicationId"
205-->src\main\AndroidManifest.xml:101:13-58
206            android:value="@string/facebook_app_id" />
206-->src\main\AndroidManifest.xml:102:13-52
207        <meta-data
207-->src\main\AndroidManifest.xml:104:9-114
208            android:name="com.facebook.sdk.ClientToken"
208-->src\main\AndroidManifest.xml:104:20-63
209            android:value="@string/fb_login_protocol_scheme" />
209-->src\main\AndroidManifest.xml:104:64-112
210
211        <activity
211-->src\main\AndroidManifest.xml:107:9-110:38
212            android:name="com.facebook.FacebookActivity"
212-->src\main\AndroidManifest.xml:108:13-57
213            android:configChanges="keyboard|keyboardHidden|screenLayout|screenSize|orientation"
213-->src\main\AndroidManifest.xml:109:13-96
214            android:exported="true"
214-->src\main\AndroidManifest.xml:110:12-35
215            android:theme="@style/com_facebook_activity_theme" />
215-->[com.facebook.android:facebook-common:15.2.0] AndroidManifest.xml:25:13-63
216        <activity
216-->src\main\AndroidManifest.xml:111:9-122:20
217            android:name="com.facebook.CustomTabActivity"
217-->src\main\AndroidManifest.xml:112:13-58
218            android:exported="true" >
218-->src\main\AndroidManifest.xml:113:12-35
219            <intent-filter>
219-->src\main\AndroidManifest.xml:114:13-121:29
220                <action android:name="android.intent.action.VIEW" />
220-->src\main\AndroidManifest.xml:115:17-69
220-->src\main\AndroidManifest.xml:115:25-66
221
222                <category android:name="android.intent.category.DEFAULT" />
222-->src\main\AndroidManifest.xml:117:17-76
222-->src\main\AndroidManifest.xml:117:27-73
223                <category android:name="android.intent.category.BROWSABLE" />
223-->src\main\AndroidManifest.xml:118:17-78
223-->src\main\AndroidManifest.xml:118:27-75
224
225                <data android:scheme="@string/fb_login_protocol_scheme" />
225-->src\main\AndroidManifest.xml:120:23-72
226            </intent-filter>
227            <intent-filter>
227-->[com.facebook.android:facebook-common:15.2.0] AndroidManifest.xml:31:13-40:29
228                <action android:name="android.intent.action.VIEW" />
228-->src\main\AndroidManifest.xml:115:17-69
228-->src\main\AndroidManifest.xml:115:25-66
229
230                <category android:name="android.intent.category.DEFAULT" />
230-->src\main\AndroidManifest.xml:117:17-76
230-->src\main\AndroidManifest.xml:117:27-73
231                <category android:name="android.intent.category.BROWSABLE" />
231-->src\main\AndroidManifest.xml:118:17-78
231-->src\main\AndroidManifest.xml:118:27-75
232
233                <data
234                    android:host="cct.com.easyplex"
234-->src\main\AndroidManifest.xml:262:17-52
235                    android:scheme="fbconnect" />
235-->src\main\AndroidManifest.xml:120:23-72
236            </intent-filter>
237        </activity>
238
239        <meta-data
239-->src\main\AndroidManifest.xml:125:9-127:70
240            android:name="com.google.android.gms.ads.APPLICATION_ID"
240-->src\main\AndroidManifest.xml:126:13-69
241            android:value="ca-app-pub-9872131534783069~1697091792" />
241-->src\main\AndroidManifest.xml:127:13-67
242        <meta-data
242-->src\main\AndroidManifest.xml:130:9-132:41
243            android:name="com.startapp.sdk.APPLICATION_ID"
243-->src\main\AndroidManifest.xml:131:13-59
244            android:value="201975314" />
244-->src\main\AndroidManifest.xml:132:13-38
245        <meta-data
245-->src\main\AndroidManifest.xml:134:9-136:37
246            android:name="com.startapp.sdk.RETURN_ADS_ENABLED"
246-->src\main\AndroidManifest.xml:135:13-63
247            android:value="false" />
247-->src\main\AndroidManifest.xml:136:13-34
248
249        <activity
249-->src\main\AndroidManifest.xml:139:9-147:47
250            android:name="com.easyplex.ui.base.BaseActivity"
250-->src\main\AndroidManifest.xml:140:13-61
251            android:configChanges="orientation|screenSize|keyboardHidden"
251-->src\main\AndroidManifest.xml:141:13-74
252            android:exported="true"
252-->src\main\AndroidManifest.xml:145:13-36
253            android:hardwareAccelerated="true"
253-->src\main\AndroidManifest.xml:142:13-47
254            android:launchMode="singleTop"
254-->src\main\AndroidManifest.xml:144:13-43
255            android:screenOrientation="portrait"
255-->src\main\AndroidManifest.xml:143:13-49
256            android:theme="@style/AppTheme"
256-->src\main\AndroidManifest.xml:147:13-44
257            android:windowSoftInputMode="stateAlwaysHidden|adjustPan" />
257-->src\main\AndroidManifest.xml:146:13-70
258        <activity
258-->src\main\AndroidManifest.xml:151:9-166:20
259            android:name="com.easyplex.ui.player.cast.ExpandedControlsActivity"
259-->src\main\AndroidManifest.xml:152:13-80
260            android:configChanges="orientation|screenSize|screenLayout|keyboardHidden"
260-->src\main\AndroidManifest.xml:156:13-87
261            android:exported="true"
261-->src\main\AndroidManifest.xml:157:12-35
262            android:launchMode="singleTask"
262-->src\main\AndroidManifest.xml:153:13-44
263            android:persistent="true"
263-->src\main\AndroidManifest.xml:154:13-38
264            android:screenOrientation="portrait"
264-->src\main\AndroidManifest.xml:159:13-49
265            android:theme="@style/Theme.CastVideosDark" >
265-->src\main\AndroidManifest.xml:155:13-56
266            <intent-filter>
266-->src\main\AndroidManifest.xml:160:13-162:29
267                <action android:name="android.intent.action.MAIN" />
267-->src\main\AndroidManifest.xml:161:17-69
267-->src\main\AndroidManifest.xml:161:25-66
268            </intent-filter>
269
270            <meta-data
270-->src\main\AndroidManifest.xml:163:13-165:88
271                android:name="android.support.PARENT_ACTIVITY"
271-->src\main\AndroidManifest.xml:164:17-63
272                android:value="com.easyplex.ui.player.activities.EasyPlexMainPlayer" />
272-->src\main\AndroidManifest.xml:165:17-85
273        </activity>
274
275        <service
275-->src\main\AndroidManifest.xml:169:9-176:19
276            android:name="com.easyplex.ui.notifications.NotificationManager"
276-->src\main\AndroidManifest.xml:170:13-77
277            android:enabled="true"
277-->src\main\AndroidManifest.xml:171:13-35
278            android:exported="false" >
278-->src\main\AndroidManifest.xml:172:13-37
279            <intent-filter>
279-->src\main\AndroidManifest.xml:173:13-175:29
280                <action android:name="com.google.firebase.MESSAGING_EVENT" />
280-->src\main\AndroidManifest.xml:174:17-78
280-->src\main\AndroidManifest.xml:174:25-75
281            </intent-filter>
282        </service>
283
284        <meta-data
285            android:name="com.google.android.gms.cast.framework.OPTIONS_PROVIDER_CLASS_NAME"
285-->src\main\AndroidManifest.xml:179:13-93
286            android:value="com.easyplex.ui.player.cast.CastOptionsProvider" />
286-->src\main\AndroidManifest.xml:180:13-80
287        <meta-data
287-->src\main\AndroidManifest.xml:183:9-185:67
288            android:name="com.google.firebase.messaging.default_notification_icon"
288-->src\main\AndroidManifest.xml:184:13-83
289            android:resource="@drawable/notification_smal_size" />
289-->src\main\AndroidManifest.xml:185:13-64
290        <!--
291             Set color used with incoming notification messages. This is used when no color is set for the incoming
292             notification message. See README(https://goo.gl/6BKBk7) for more.
293        -->
294        <meta-data
294-->src\main\AndroidManifest.xml:188:9-190:53
295            android:name="com.google.firebase.messaging.default_notification_color"
295-->src\main\AndroidManifest.xml:189:13-84
296            android:resource="@color/colorAccent" />
296-->src\main\AndroidManifest.xml:190:13-50
297        <meta-data
297-->src\main\AndroidManifest.xml:193:9-195:36
298            android:name="com.google.android.gms.ads.AD_MANAGER_APP"
298-->src\main\AndroidManifest.xml:194:13-69
299            android:value="true" />
299-->src\main\AndroidManifest.xml:195:13-33
300
301        <activity
301-->src\main\AndroidManifest.xml:198:9-201:52
302            android:name="com.easyplex.ui.payment.PaymentDetails"
302-->src\main\AndroidManifest.xml:199:13-66
303            android:exported="true"
303-->src\main\AndroidManifest.xml:200:12-35
304            android:screenOrientation="portrait" />
304-->src\main\AndroidManifest.xml:201:13-49
305        <activity
305-->src\main\AndroidManifest.xml:205:9-214:20
306            android:name="com.easyplex.ui.splash.SplashActivity"
306-->src\main\AndroidManifest.xml:206:13-65